<?xml version="1.0" encoding="UTF-8"?>
<Site BuildName="Linux-g++"
	BuildStamp="20231025-0255-Experimental"
	Name="blei-VirtualBox"
	Generator="ctest-3.22.1"
	CompilerName="/usr/bin/g++"
	CompilerVersion="11.4.0"
	OSName="Linux"
	Hostname="blei-VirtualBox"
	OSRelease="6.2.0-35-generic"
	OSVersion="#35~22.04.1-Ubuntu SMP PREEMPT_DYNAMIC Fri Oct  6 10:23:26 UTC 2"
	OSPlatform="x86_64"
	Is64Bits="1"
	VendorString="GenuineIntel"
	VendorID="Intel Corporation"
	FamilyID="6"
	ModelID="183"
	ProcessorCacheSize="30720"
	NumberOfLogicalCPU="16"
	NumberOfPhysicalCPU="16"
	TotalVirtualMemory="2047"
	TotalPhysicalMemory="25637"
	LogicalProcessorsPerPhysical="1"
	ProcessorClockFrequency="3417.61"
	>
	<Testing>
		<StartDateTime>Oct 25 10:59 CST</StartDateTime>
		<StartTestTime>1698202754</StartTestTime>
		<TestList/>
		<EndDateTime>Oct 25 10:59 CST</EndDateTime>
		<EndTestTime>1698202754</EndTestTime>
		<ElapsedMinutes>0</ElapsedMinutes>
	</Testing>
</Site>
